This is XeTeX, Version 3.14159265-2.6-0.99992 (TeX Live 2015) (preloaded format=xelatex 2015.6.22)  19 MAR 2016 05:04
entering extended mode
 \write18 enabled.
 file:line:error style messages enabled.
 %&-line parsing enabled.
**main.tex
(./main.tex
LaTeX2e <2015/01/01>
Babel <3.9l> and hyphenation patterns for 79 languages loaded.
(/usr/local/texlive/2015/texmf-dist/tex/latex/koma-script/scrartcl.cls
Document Class: scrartcl 2015/10/03 v3.19a KOMA-Script document class (article)

(/usr/local/texlive/2015/texmf-dist/tex/latex/koma-script/scrkbase.sty
Package: scrkbase 2015/10/03 v3.19a KOMA-Script package (KOMA-Script-dependent 
basics and keyval usage)

(/usr/local/texlive/2015/texmf-dist/tex/latex/koma-script/scrbase.sty
Package: scrbase 2015/10/03 v3.19a KOMA-Script package (KOMA-Script-independent
 basics and keyval usage)

(/usr/local/texlive/2015/texmf-dist/tex/latex/graphics/keyval.sty
Package: keyval 2014/10/28 v1.15 key=value parser (DPC)
\KV@toks@=\toks14
)
(/usr/local/texlive/2015/texmf-dist/tex/latex/koma-script/scrlfile.sty
Package: scrlfile 2015/10/03 v3.19a KOMA-Script package (loading files)

Package scrlfile, 2015/10/03 v3.19a KOMA-Script package (loading files)
                  Copyright (C) Markus Kohm

))) (/usr/local/texlive/2015/texmf-dist/tex/latex/koma-script/tocbasic.sty
Package: tocbasic 2015/10/03 v3.19a KOMA-Script package (handling toc-files)
)
Package tocbasic Info: omitting babel extension for `toc'
(tocbasic)             because of feature `nobabel' available
(tocbasic)             for `toc' on input line 123.
Package tocbasic Info: omitting babel extension for `lof'
(tocbasic)             because of feature `nobabel' available
(tocbasic)             for `lof' on input line 124.
Package tocbasic Info: omitting babel extension for `lot'
(tocbasic)             because of feature `nobabel' available
(tocbasic)             for `lot' on input line 125.
Class scrartcl Info: File `scrsize10pt.clo' used to setup font sizes on input l
ine 2033.

(/usr/local/texlive/2015/texmf-dist/tex/latex/koma-script/scrsize10pt.clo
File: scrsize10pt.clo 2015/10/03 v3.19a KOMA-Script font size class option (10p
t)
)
(/usr/local/texlive/2015/texmf-dist/tex/latex/koma-script/typearea.sty
Package: typearea 2015/10/03 v3.19a KOMA-Script package (type area)

Package typearea, 2015/10/03 v3.19a KOMA-Script package (type area)
                  Copyright (C) Frank Neukam, 1992-1994
                  Copyright (C) Markus Kohm, 1994-

\ta@bcor=\skip41
\ta@div=\count79
\ta@hblk=\skip42
\ta@vblk=\skip43
\ta@temp=\skip44
\footheight=\skip45

Package typearea Warning: Maybe no optimal type area settings!
(typearea)                The maximum limit of line width is about 28%
(typearea)                larger than the heuristically detected line width.
(typearea)                You may e.g. increase DIV, decrease fontsize
(typearea)                or change the papersize.

Package typearea Info: These are the values describing the layout:
(typearea)             DIV  = 14
(typearea)             BCOR = 0.0pt
(typearea)             \paperwidth      = 597.50793pt
(typearea)              \textwidth      = 469.47052pt
(typearea)              DIV departure   = 28%
(typearea)              \evensidemargin = 13.08829pt
(typearea)              \oddsidemargin  = -29.59085pt
(typearea)             \paperheight     = 845.04694pt
(typearea)              \textheight     = 670.0pt
(typearea)              \topmargin      = -44.9095pt
(typearea)              \headheight     = 15.0pt
(typearea)              \headsep        = 18.0pt
(typearea)              \topskip        = 10.0pt
(typearea)              \footskip       = 42.0pt
(typearea)              \baselineskip   = 12.0pt
(typearea)              on input line 1509.
)
\c@part=\count80
\c@section=\count81
\c@subsection=\count82
\c@subsubsection=\count83
\c@paragraph=\count84
\c@subparagraph=\count85
LaTeX Info: Redefining \textsubscript on input line 3906.
\abovecaptionskip=\skip46
\belowcaptionskip=\skip47
\c@pti@nb@sid@b@x=\box26
\c@figure=\count86
\c@table=\count87
\bibindent=\dimen102
) (/usr/local/texlive/2015/texmf-dist/tex/latex/lipsum/lipsum.sty
Package: lipsum 2014/07/27 v1.3 150 paragraphs of Lorem Ipsum dummy text
\c@lips@count=\count88
)
(/usr/local/texlive/2015/texmf-dist/tex/latex/xcolor/xcolor.sty
Package: xcolor 2007/01/21 v2.11 LaTeX color extensions (UK)

(/usr/local/texlive/2015/texmf-dist/tex/latex/latexconfig/color.cfg
File: color.cfg 2007/01/18 v1.5 color configuration of teTeX/TeXLive
)
Package xcolor Info: Driver file: xetex.def on input line 225.

(/usr/local/texlive/2015/texmf-dist/tex/xelatex/xetex-def/xetex.def
File: xetex.def 2015/09/11 v4.06 LaTeX color/graphics driver for XeTeX (TeX Liv
e/RRM/JK)

(/usr/local/texlive/2015/texmf-dist/tex/generic/oberdiek/infwarerr.sty
Package: infwarerr 2010/04/08 v1.3 Providing info/warning/error messages (HO)
)
(/usr/local/texlive/2015/texmf-dist/tex/generic/oberdiek/ltxcmds.sty
Package: ltxcmds 2011/11/09 v1.22 LaTeX kernel commands for general use (HO)
))
(/usr/local/texlive/2015/texmf-dist/tex/latex/colortbl/colortbl.sty
Package: colortbl 2012/02/13 v1.0a Color table columns (DPC)

(/usr/local/texlive/2015/texmf-dist/tex/latex/tools/array.sty
Package: array 2014/10/28 v2.4c Tabular extension package (FMi)
\col@sep=\dimen103
\extrarowheight=\dimen104
\NC@list=\toks15
\extratabsurround=\skip48
\backup@length=\skip49
)
\everycr=\toks16
\minrowclearance=\skip50
)
\rownum=\count89
Package xcolor Info: Model `cmy' substituted by `cmy0' on input line 1337.
Package xcolor Info: Model `RGB' extended on input line 1353.
Package xcolor Info: Model `HTML' substituted by `rgb' on input line 1355.
Package xcolor Info: Model `Hsb' substituted by `hsb' on input line 1356.
Package xcolor Info: Model `tHsb' substituted by `hsb' on input line 1357.
Package xcolor Info: Model `HSB' substituted by `hsb' on input line 1358.
Package xcolor Info: Model `Gray' substituted by `gray' on input line 1359.
Package xcolor Info: Model `wave' substituted by `hsb' on input line 1360.

(/usr/local/texlive/2015/texmf-dist/tex/latex/xcolor/svgnam.def
File: svgnam.def 2007/01/21 v2.11 Predefined colors according to SVG 1.1 (UK)
))
(/usr/local/texlive/2015/texmf-dist/tex/latex/fontspec/fontspec.sty
Package: fontspec 2015/09/24 v2.4e Font selection for XeLaTeX and LuaLaTeX

(/usr/local/texlive/2015/texmf-dist/tex/latex/l3kernel/expl3.sty
Package: expl3 2015/10/14 v6210 L3 programming layer (loader) 

(/usr/local/texlive/2015/texmf-dist/tex/latex/l3kernel/expl3-code.tex
Package: expl3 2015/10/14 v6210 L3 programming layer (code) 
L3 Module: l3bootstrap 2015/09/30 v6139 L3 Bootstrap code
L3 Module: l3names 2015/10/10 v6209 L3 Namespace for primitives
L3 Module: l3basics 2015/09/22 v6033 L3 Basic definitions
L3 Module: l3expan 2015/09/10 v5983 L3 Argument expansion
L3 Module: l3tl 2015/09/29 v6121 L3 Token lists
L3 Module: l3str 2015/09/20 v6021 L3 Strings
L3 Module: l3seq 2015/08/05 v5777 L3 Sequences and stacks
L3 Module: l3int 2015/09/25 v6089 L3 Integers
\c_max_int=\count90
\l_tmpa_int=\count91
\l_tmpb_int=\count92
\g_tmpa_int=\count93
\g_tmpb_int=\count94
L3 Module: l3quark 2015/08/17 v5855 L3 Quarks
L3 Module: l3prg 2015/10/09 v6208 L3 Control structures
\g__prg_map_int=\count95
L3 Module: l3clist 2015/09/02 v5901 L3 Comma separated lists
L3 Module: l3token 2015/09/28 v6114 L3 Experimental token manipulation
L3 Module: l3prop 2015/08/05 v5777 L3 Property lists
L3 Module: l3msg 2015/09/28 v6113 L3 Messages
L3 Module: l3file 2015/09/23 v6037 L3 File and I/O operations
\l_iow_line_count_int=\count96
\l__iow_target_count_int=\count97
\l__iow_current_line_int=\count98
\l__iow_current_word_int=\count99
\l__iow_current_indentation_int=\count100
L3 Module: l3skip 2015/09/25 v6089 L3 Dimensions and skips
\c_zero_dim=\dimen105
\c_max_dim=\dimen106
\l_tmpa_dim=\dimen107
\l_tmpb_dim=\dimen108
\g_tmpa_dim=\dimen109
\g_tmpb_dim=\dimen110
\c_zero_skip=\skip51
\c_max_skip=\skip52
\l_tmpa_skip=\skip53
\l_tmpb_skip=\skip54
\g_tmpa_skip=\skip55
\g_tmpb_skip=\skip56
\c_zero_muskip=\muskip10
\c_max_muskip=\muskip11
\l_tmpa_muskip=\muskip12
\l_tmpb_muskip=\muskip13
\g_tmpa_muskip=\muskip14
\g_tmpb_muskip=\muskip15
L3 Module: l3keys 2015/09/23 v6037 L3 Key-value interfaces
\g__keyval_level_int=\count101
\l_keys_choice_int=\count102
L3 Module: l3fp 2015/08/25 v5890 L3 Floating points
\c__fp_leading_shift_int=\count103
\c__fp_middle_shift_int=\count104
\c__fp_trailing_shift_int=\count105
\c__fp_big_leading_shift_int=\count106
\c__fp_big_middle_shift_int=\count107
\c__fp_big_trailing_shift_int=\count108
\c__fp_Bigg_leading_shift_int=\count109
\c__fp_Bigg_middle_shift_int=\count110
\c__fp_Bigg_trailing_shift_int=\count111
L3 Module: l3box 2015/08/09 v5822 L3 Experimental boxes
\c_empty_box=\box27
\l_tmpa_box=\box28
\l_tmpb_box=\box29
\g_tmpa_box=\box30
\g_tmpb_box=\box31
L3 Module: l3coffins 2015/08/06 v5789 L3 Coffin code layer
\l__coffin_internal_box=\box32
\l__coffin_internal_dim=\dimen111
\l__coffin_offset_x_dim=\dimen112
\l__coffin_offset_y_dim=\dimen113
\l__coffin_x_dim=\dimen114
\l__coffin_y_dim=\dimen115
\l__coffin_x_prime_dim=\dimen116
\l__coffin_y_prime_dim=\dimen117
\c_empty_coffin=\box33
\l__coffin_aligned_coffin=\box34
\l__coffin_aligned_internal_coffin=\box35
\l_tmpa_coffin=\box36
\l_tmpb_coffin=\box37
\l__coffin_display_coffin=\box38
\l__coffin_display_coord_coffin=\box39
\l__coffin_display_pole_coffin=\box40
\l__coffin_display_offset_dim=\dimen118
\l__coffin_display_x_dim=\dimen119
\l__coffin_display_y_dim=\dimen120
L3 Module: l3color 2014/08/23 v5354 L3 Experimental color support
L3 Module: l3candidates 2015/10/09 v6208 L3 Experimental additions to l3kernel
\l__box_top_dim=\dimen121
\l__box_bottom_dim=\dimen122
\l__box_left_dim=\dimen123
\l__box_right_dim=\dimen124
\l__box_top_new_dim=\dimen125
\l__box_bottom_new_dim=\dimen126
\l__box_left_new_dim=\dimen127
\l__box_right_new_dim=\dimen128
\l__box_internal_box=\box41
\l__coffin_bounding_shift_dim=\dimen129
\l__coffin_left_corner_dim=\dimen130
\l__coffin_right_corner_dim=\dimen131
\l__coffin_bottom_corner_dim=\dimen132
\l__coffin_top_corner_dim=\dimen133
\l__coffin_scaled_total_height_dim=\dimen134
\l__coffin_scaled_width_dim=\dimen135
L3 Module: l3sys 2015/09/25 v6087 L3 Experimental system/runtime functions
L3 Module: l3luatex 2015/09/10 v5983 L3 Experimental LuaTeX-specific functions
)
(/usr/local/texlive/2015/texmf-dist/tex/latex/l3kernel/l3unicode-data.def
File: l3unicode-data.def 2015/07/20 v5676 L3 Unicode data
)
(/usr/local/texlive/2015/texmf-dist/tex/latex/l3kernel/l3xdvipdfmx.def
File: l3xdvidpfmx.def 2015/09/10 v5983 L3 Experimental driver: xdvipdfmx
))
(/usr/local/texlive/2015/texmf-dist/tex/latex/l3packages/xparse/xparse.sty
Package: xparse 2015/10/14 v6210 L3 Experimental document command parser
\l__xparse_current_arg_int=\count112
\l__xparse_m_args_int=\count113
\l__xparse_mandatory_args_int=\count114
\l__xparse_processor_int=\count115
\l__xparse_v_nesting_int=\count116
)
\l_fontspec_script_int=\count117
\l_fontspec_language_int=\count118
\l_fontspec_strnum_int=\count119
\l__fontspec_tmpa_dim=\dimen136
\l__fontspec_tmpb_dim=\dimen137
\l__fontspec_tmpc_dim=\dimen138

(/usr/local/texlive/2015/texmf-dist/tex/latex/fontspec/fontspec-patches.sty
Package: fontspec-patches 2015/09/24 v2.4e Font selection for XeLaTeX and LuaLa
TeX
LaTeX Info: Redefining \em on input line 49.
LaTeX Info: Redefining \emph on input line 57.
LaTeX Info: Redefining \- on input line 60.
.................................................
. LaTeX info: "xparse/redefine-command"
. 
. Redefining command \oldstylenums with sig. 'm' on line 155.
.................................................
.................................................
. LaTeX info: "xparse/define-command"
. 
. Defining command \liningnums with sig. 'm' on line 159.
.................................................
)
(/usr/local/texlive/2015/texmf-dist/tex/latex/fontspec/fontspec-xetex.sty
Package: fontspec-xetex 2015/09/24 v2.4e Font selection for XeLaTeX and LuaLaTe
X

(/usr/local/texlive/2015/texmf-dist/tex/latex/base/fontenc.sty
Package: fontenc 2005/09/27 v1.99g Standard LaTeX package

(/usr/local/texlive/2015/texmf-dist/tex/latex/euenc/eu1enc.def
File: eu1enc.def 2010/05/27 v0.1h Experimental Unicode font encodings
)
LaTeX Font Info:    Try loading font information for EU1+lmr on input line 105.


(/usr/local/texlive/2015/texmf-dist/tex/latex/euenc/eu1lmr.fd
File: eu1lmr.fd 2009/10/30 v1.6 Font defs for Latin Modern
))
(/usr/local/texlive/2015/texmf-dist/tex/xelatex/xunicode/xunicode.sty
File: xunicode.sty 2011/09/09 v0.981 provides access to latin accents and many 
other characters in Unicode lower plane

(/usr/local/texlive/2015/texmf-dist/tex/latex/tipa/t3enc.def
File: t3enc.def 2001/12/31 T3 encoding
LaTeX Font Info:    Try loading font information for EU1+lmss on input line 357
.

(/usr/local/texlive/2015/texmf-dist/tex/latex/euenc/eu1lmss.fd
File: eu1lmss.fd 2009/10/30 v1.6 Font defs for Latin Modern
))
\tipaTiiicode=\count120
\tipasavetokens=\toks17
\tipachecktokens=\toks18

(/usr/local/texlive/2015/texmf-dist/tex/latex/graphics/graphicx.sty
Package: graphicx 2014/10/28 v1.0g Enhanced LaTeX Graphics (DPC,SPQR)

(/usr/local/texlive/2015/texmf-dist/tex/latex/graphics/graphics.sty
Package: graphics 2014/10/28 v1.0p Standard LaTeX Graphics (DPC,SPQR)

(/usr/local/texlive/2015/texmf-dist/tex/latex/graphics/trig.sty
Package: trig 1999/03/16 v1.09 sin cos tan (DPC)
)
(/usr/local/texlive/2015/texmf-dist/tex/latex/latexconfig/graphics.cfg
File: graphics.cfg 2010/04/23 v1.9 graphics configuration of TeX Live
)
Package graphics Info: Driver file: xetex.def on input line 94.
)
\Gin@req@height=\dimen139
\Gin@req@width=\dimen140
))
.................................................
. LaTeX info: "xparse/define-command"
. 
. Defining command \__fontspec_post_arg:w with sig. 'mmO{}' on line 42.
.................................................
.................................................
. LaTeX info: "xparse/define-command"
. 
. Defining command \fontspec with sig. 'om' on line 44.
.................................................
.................................................
. LaTeX info: "xparse/define-command"
. 
. Defining command \setmainfont with sig. 'om' on line 54.
.................................................
.................................................
. LaTeX info: "xparse/define-command"
. 
. Defining command \setsansfont with sig. 'om' on line 64.
.................................................
.................................................
. LaTeX info: "xparse/define-command"
. 
. Defining command \setmonofont with sig. 'om' on line 74.
.................................................
.................................................
. LaTeX info: "xparse/define-command"
. 
. Defining command \setmathrm with sig. 'om' on line 88.
.................................................
.................................................
. LaTeX info: "xparse/define-command"
. 
. Defining command \setboldmathrm with sig. 'om' on line 96.
.................................................
.................................................
. LaTeX info: "xparse/define-command"
. 
. Defining command \setmathsf with sig. 'om' on line 104.
.................................................
.................................................
. LaTeX info: "xparse/define-command"
. 
. Defining command \setmathtt with sig. 'om' on line 112.
.................................................
.................................................
. LaTeX info: "xparse/define-command"
. 
. Defining command \newfontfamily with sig. 'mom' on line 126.
.................................................
.................................................
. LaTeX info: "xparse/define-command"
. 
. Defining command \newfontface with sig. 'mom' on line 141.
.................................................
.................................................
. LaTeX info: "xparse/define-command"
. 
. Defining command \defaultfontfeatures with sig. 't+om' on line 155.
.................................................
.................................................
. LaTeX info: "xparse/define-command"
. 
. Defining command \addfontfeatures with sig. 'm' on line 210.
.................................................
.................................................
. LaTeX info: "xparse/define-command"
. 
. Defining command \newfontfeature with sig. 'mm' on line 221.
.................................................
.................................................
. LaTeX info: "xparse/define-command"
. 
. Defining command \newAATfeature with sig. 'mmmm' on line 229.
.................................................
.................................................
. LaTeX info: "xparse/define-command"
. 
. Defining command \newopentypefeature with sig. 'mmm' on line 237.
.................................................
.................................................
. LaTeX info: "xparse/define-command"
. 
. Defining command \aliasfontfeature with sig. 'mm' on line 258.
.................................................
.................................................
. LaTeX info: "xparse/define-command"
. 
. Defining command \aliasfontfeatureoption with sig. 'mmm' on line 267.
.................................................
.................................................
. LaTeX info: "xparse/define-command"
. 
. Defining command \newfontscript with sig. 'mm' on line 272.
.................................................
.................................................
. LaTeX info: "xparse/define-command"
. 
. Defining command \newfontlanguage with sig. 'mm' on line 298.
.................................................
.................................................
. LaTeX info: "xparse/define-command"
. 
. Defining command \DeclareFontsExtensions with sig. 'm' on line 318.
.................................................
\l__fontspec_tmp_int=\count121
LaTeX Info: Redefining \itshape on input line 2227.
LaTeX Info: Redefining \slshape on input line 2232.
LaTeX Info: Redefining \scshape on input line 2237.
LaTeX Info: Redefining \upshape on input line 2242.

(/usr/local/texlive/2015/texmf-dist/tex/latex/fontspec/fontspec.cfg)))
(/usr/local/texlive/2015/texmf-dist/tex/latex/sectsty/sectsty.sty
Package: sectsty 2002/02/25 v2.0.2 Commands to change all sectional heading sty
les
)

Class scrartcl Warning: Usage of package `fancyhdr' together
(scrartcl)              with a KOMA-Script class is not recommended.
(scrartcl)              I'd suggest to use 
(scrartcl)              package `scrlayer-scrpage'.
(scrartcl)              Nevertheless, using requested
(scrartcl)              package `fancyhdr' on input line 13.

(/usr/local/texlive/2015/texmf-dist/tex/latex/fancyhdr/fancyhdr.sty
\fancy@headwidth=\skip57
\f@ncyO@elh=\skip58
\f@ncyO@erh=\skip59
\f@ncyO@olh=\skip60
\f@ncyO@orh=\skip61
\f@ncyO@elf=\skip62
\f@ncyO@erf=\skip63
\f@ncyO@olf=\skip64
\f@ncyO@orf=\skip65
)
(/usr/local/texlive/2015/texmf-dist/tex/latex/enumitem/enumitem.sty
Package: enumitem 2011/09/28 v3.5.2 Customized lists
\labelindent=\skip66
\enit@outerparindent=\dimen141
\enit@toks=\toks19
\enit@inbox=\box42
\enitdp@description=\count122
)
(/usr/local/texlive/2015/texmf-dist/tex/generic/oberdiek/atbegshi.sty
Package: atbegshi 2011/10/05 v1.16 At begin shipout hook (HO)

(/usr/local/texlive/2015/texmf-dist/tex/generic/oberdiek/ifpdf.sty
Package: ifpdf 2011/01/30 v2.3 Provides the ifpdf switch (HO)
Package ifpdf Info: pdfTeX in PDF mode is not detected.
))
(/usr/local/texlive/2015/texmf-dist/tex/latex/changepage/changepage.sty
Package: changepage 2009/10/20 v1.0c check page and change page layout
\c@cp@cntr=\count123
\cp@tempcnt=\count124
)
(/usr/local/texlive/2015/texmf-dist/tex/latex/eso-pic/eso-pic.sty
Package: eso-pic 2015/07/21 v2.0g eso-pic (RN)
)
(/usr/local/texlive/2015/texmf-dist/tex/latex/subfiles/subfiles.sty
Package: subfiles 2012/05/23 Federico Garcia

(/usr/local/texlive/2015/texmf-dist/tex/latex/tools/verbatim.sty
Package: verbatim 2014/10/28 v1.5q LaTeX2e package for verbatim enhancements
\every@verbatim=\toks20
\verbatim@line=\toks21
\verbatim@in@stream=\read1
))
(/usr/local/texlive/2015/texmf-dist/tex/latex/wrapfig/wrapfig.sty
\wrapoverhang=\dimen142
\WF@size=\dimen143
\c@WF@wrappedlines=\count125
\WF@box=\box43
\WF@everypar=\toks22
Package: wrapfig 2003/01/31  v 3.6
)
(/usr/local/texlive/2015/texmf-dist/tex/generic/ulem/ulem.sty
\UL@box=\box44
\UL@hyphenbox=\box45
\UL@skip=\skip67
\UL@hook=\toks23
\UL@height=\dimen144
\UL@pe=\count126
\UL@pixel=\dimen145
\ULC@box=\box46
Package: ulem 2012/05/18
\ULdepth=\dimen146
)
(/usr/local/texlive/2015/texmf-dist/tex/latex/float/float.sty
Package: float 2001/11/08 v1.3d Float enhancements (AL)
\c@float@type=\count127
\float@exts=\toks24
\float@box=\box47
\@float@everytoks=\toks25
\@floatcapt=\box48
)
(/usr/local/texlive/2015/texmf-dist/tex/latex/placeins/placeins.sty
Package: placeins 2005/04/18  v 2.2
)
\@float@every@table=\toks26
\g__file_internal_ior=\read2
\g__fontspec_family_CelestiaAntiquaStd_int=\count128
.................................................
. fontspec info: "defining-font"
. 
. Font family 'CelestiaAntiquaStd(0)' created for font 'Celestia Antiqua Std'
. with options [Ligatures=TeX].
. 
. This font family consists of the following shapes:
. 
. * 'normal' with NFSS spec.:
. <->"Celestia Antiqua Std/OT:script=latn;language=DFLT;mapping=tex-text;"
. 
. * 'small caps' with NFSS spec.:
. <->"Celestia Antiqua
. Std/OT:script=latn;language=DFLT;mapping=tex-text;+smcp;"
. and font adjustment code:
. 
. 
. * 'bold' with NFSS spec.:
. <->"Celestia Antiqua Std/B/OT:script=latn;language=DFLT;mapping=tex-text;"
. 
. * 'bold small caps' with NFSS spec.:
. 
. and font adjustment code:
. 
. 
. * 'italic' with NFSS spec.:
. <->"Celestia Antiqua Std/I/OT:script=latn;language=DFLT;mapping=tex-text;"
. 
. * 'small caps' with NFSS spec.:
. 
. and font adjustment code:
. 
. 
. * 'bold italic' with NFSS spec.:
. <->"Celestia Antiqua Std/BI/OT:script=latn;language=DFLT;mapping=tex-text;"
. 
. * 'bold small caps' with NFSS spec.:
. 
. and font adjustment code:
. 
.................................................
.................................................
. fontspec info: "no-scripts"
. 
. Font Pterra does not contain any OpenType `Script' information.
.................................................
\g__fontspec_family_Pterra_int=\count129
.................................................
. fontspec info: "no-font-shape"
. 
. Could not resolve font Pterra/BI (it probably doesn't exist).
.................................................
.................................................
. fontspec info: "no-font-shape"
. 
. Could not resolve font Pterra/B (it probably doesn't exist).
.................................................
.................................................
. fontspec info: "no-font-shape"
. 
. Could not resolve font Pterra/I (it probably doesn't exist).
.................................................
.................................................
. fontspec info: "defining-font"
. 
. Font family 'Pterra(0)' created for font 'Pterra' with options
. [Ligatures=TeX].
. 
. This font family consists of the following shapes:
. 
. * 'normal' with NFSS spec.:
. <->"Pterra/AAT:mapping=tex-text;"
. 
. * 'small caps' with NFSS spec.:
. 
. and font adjustment code:
. 
.................................................

(/usr/local/texlive/2015/texmf-dist/tex/latex/titling/titling.sty
Package: titling 2009/09/04 v2.1d maketitle typesetting
\thanksmarkwidth=\skip68
\thanksmargin=\skip69
\droptitle=\skip70
)
(/Users/erijvers/Desktop/XeLaTeX/D20/3.5/MM-I/.latex/main.aux)
\openout1 = `main.aux'.

LaTeX Font Info:    Checking defaults for OML/cmm/m/it on input line 142.
LaTeX Font Info:    ... okay on input line 142.
LaTeX Font Info:    Checking defaults for T1/cmr/m/n on input line 142.
LaTeX Font Info:    ... okay on input line 142.
LaTeX Font Info:    Checking defaults for OT1/cmr/m/n on input line 142.
LaTeX Font Info:    ... okay on input line 142.
LaTeX Font Info:    Checking defaults for OMS/cmsy/m/n on input line 142.
LaTeX Font Info:    ... okay on input line 142.
LaTeX Font Info:    Checking defaults for OMX/cmex/m/n on input line 142.
LaTeX Font Info:    ... okay on input line 142.
LaTeX Font Info:    Checking defaults for U/cmr/m/n on input line 142.
LaTeX Font Info:    ... okay on input line 142.
LaTeX Font Info:    Checking defaults for EU1/lmr/m/n on input line 142.
LaTeX Font Info:    ... okay on input line 142.
LaTeX Font Info:    Checking defaults for T3/cmr/m/n on input line 142.
LaTeX Font Info:    Try loading font information for T3+cmr on input line 142.

(/usr/local/texlive/2015/texmf-dist/tex/latex/tipa/t3cmr.fd
File: t3cmr.fd 2001/12/31 TIPA font definitions
)
LaTeX Font Info:    ... okay on input line 142.
.................................................
. fontspec info: "setup-math"
. 
. Adjusting the maths setup (use [no-math] to avoid this).
.................................................
\symlegacymaths=\mathgroup4
LaTeX Font Info:    Overwriting symbol font `legacymaths' in version `bold'
(Font)                  OT1/cmr/m/n --> OT1/cmr/bx/n on input line 142.
LaTeX Font Info:    Redeclaring math accent \acute on input line 142.
LaTeX Font Info:    Redeclaring math accent \grave on input line 142.
LaTeX Font Info:    Redeclaring math accent \ddot on input line 142.
LaTeX Font Info:    Redeclaring math accent \tilde on input line 142.
LaTeX Font Info:    Redeclaring math accent \bar on input line 142.
LaTeX Font Info:    Redeclaring math accent \breve on input line 142.
LaTeX Font Info:    Redeclaring math accent \check on input line 142.
LaTeX Font Info:    Redeclaring math accent \hat on input line 142.
LaTeX Font Info:    Redeclaring math accent \dot on input line 142.
LaTeX Font Info:    Redeclaring math accent \mathring on input line 142.
LaTeX Font Info:    Redeclaring math symbol \colon on input line 142.
LaTeX Font Info:    Redeclaring math symbol \Gamma on input line 142.
LaTeX Font Info:    Redeclaring math symbol \Delta on input line 142.
LaTeX Font Info:    Redeclaring math symbol \Theta on input line 142.
LaTeX Font Info:    Redeclaring math symbol \Lambda on input line 142.
LaTeX Font Info:    Redeclaring math symbol \Xi on input line 142.
LaTeX Font Info:    Redeclaring math symbol \Pi on input line 142.
LaTeX Font Info:    Redeclaring math symbol \Sigma on input line 142.
LaTeX Font Info:    Redeclaring math symbol \Upsilon on input line 142.
LaTeX Font Info:    Redeclaring math symbol \Phi on input line 142.
LaTeX Font Info:    Redeclaring math symbol \Psi on input line 142.
LaTeX Font Info:    Redeclaring math symbol \Omega on input line 142.
LaTeX Font Info:    Redeclaring math symbol \mathdollar on input line 142.
LaTeX Font Info:    Redeclaring symbol font `operators' on input line 142.
LaTeX Font Info:    Encoding `OT1' has changed to `EU1' for symbol font
(Font)              `operators' in the math version `normal' on input line 142.

LaTeX Font Info:    Overwriting symbol font `operators' in version `normal'
(Font)                  OT1/cmr/m/n --> EU1/CelestiaAntiquaStd(0)/m/n on input 
line 142.
LaTeX Font Info:    Encoding `OT1' has changed to `EU1' for symbol font
(Font)              `operators' in the math version `bold' on input line 142.
LaTeX Font Info:    Overwriting symbol font `operators' in version `bold'
(Font)                  OT1/cmr/bx/n --> EU1/CelestiaAntiquaStd(0)/m/n on input
 line 142.
LaTeX Font Info:    Overwriting symbol font `operators' in version `normal'
(Font)                  EU1/CelestiaAntiquaStd(0)/m/n --> EU1/CelestiaAntiquaSt
d(0)/m/n on input line 142.
LaTeX Font Info:    Overwriting math alphabet `\mathit' in version `normal'
(Font)                  OT1/cmr/m/it --> EU1/CelestiaAntiquaStd(0)/m/it on inpu
t line 142.
LaTeX Font Info:    Overwriting math alphabet `\mathbf' in version `normal'
(Font)                  OT1/cmr/bx/n --> EU1/CelestiaAntiquaStd(0)/bx/n on inpu
t line 142.
LaTeX Font Info:    Overwriting math alphabet `\mathsf' in version `normal'
(Font)                  OT1/cmss/m/n --> EU1/Pterra(0)/m/n on input line 142.
LaTeX Font Info:    Overwriting math alphabet `\mathtt' in version `normal'
(Font)                  OT1/cmtt/m/n --> EU1/lmtt/m/n on input line 142.
LaTeX Font Info:    Overwriting symbol font `operators' in version `bold'
(Font)                  EU1/CelestiaAntiquaStd(0)/m/n --> EU1/CelestiaAntiquaSt
d(0)/bx/n on input line 142.
LaTeX Font Info:    Overwriting math alphabet `\mathit' in version `bold'
(Font)                  OT1/cmr/bx/it --> EU1/CelestiaAntiquaStd(0)/bx/it on in
put line 142.
LaTeX Font Info:    Overwriting math alphabet `\mathsf' in version `bold'
(Font)                  OT1/cmss/bx/n --> EU1/Pterra(0)/bx/n on input line 142.

LaTeX Font Info:    Overwriting math alphabet `\mathtt' in version `bold'
(Font)                  OT1/cmtt/m/n --> EU1/lmtt/bx/n on input line 142.
\AtBeginShipoutBox=\box49


Class scrartcl Warning: incompatible usage of \@ssect detected.
(scrartcl)              You've used the KOMA-Script implementation of \@ssect
(scrartcl)              from within a non compatible caller, that does not
(scrartcl)              \scr@s@ct@@nn@m@ locally.
(scrartcl)              This could result in several error messages on input li
ne 147.


LaTeX Font Warning: Font shape `EU1/Pterra(0)/bx/n' undefined
(Font)              using `EU1/Pterra(0)/m/n' instead on input line 147.


Class scrartcl Warning: incompatible usage of \@ssect detected.
(scrartcl)              You've used the KOMA-Script implementation of \@ssect
(scrartcl)              from within a non compatible caller, that does not
(scrartcl)              \scr@s@ct@@nn@m@ locally.
(scrartcl)              This could result in several error messages on input li
ne 148.

(./sections/Introduction.tex
Underfull \hbox (badness 10000) in paragraph at lines 5--9

 []

)

Class scrartcl Warning: incompatible usage of \@ssect detected.
(scrartcl)              You've used the KOMA-Script implementation of \@ssect
(scrartcl)              from within a non compatible caller, that does not
(scrartcl)              \scr@s@ct@@nn@m@ locally.
(scrartcl)              This could result in several error messages on input li
ne 152.

(./sections/Reading.tex

Class scrartcl Warning: incompatible usage of \@ssect detected.
(scrartcl)              You've used the KOMA-Script implementation of \@ssect
(scrartcl)              from within a non compatible caller, that does not
(scrartcl)              \scr@s@ct@@nn@m@ locally.
(scrartcl)              This could result in several error messages on input li
ne 7.


Class scrartcl Warning: incompatible usage of \@ssect detected.
(scrartcl)              You've used the KOMA-Script implementation of \@ssect
(scrartcl)              from within a non compatible caller, that does not
(scrartcl)              \scr@s@ct@@nn@m@ locally.
(scrartcl)              This could result in several error messages on input li
ne 10.


Underfull \hbox (badness 1728) in paragraph at lines 11--12
\EU1/CelestiaAntiquaStd(0)/m/n/10 This is the name by which the creature is gen
erally
 []


Class scrartcl Warning: incompatible usage of \@ssect detected.
(scrartcl)              You've used the KOMA-Script implementation of \@ssect
(scrartcl)              from within a non compatible caller, that does not
(scrartcl)              \scr@s@ct@@nn@m@ locally.
(scrartcl)              This could result in several error messages on input li
ne 13.


Class scrartcl Warning: incompatible usage of \@ssect detected.
(scrartcl)              You've used the KOMA-Script implementation of \@ssect
(scrartcl)              from within a non compatible caller, that does not
(scrartcl)              \scr@s@ct@@nn@m@ locally.
(scrartcl)              This could result in several error messages on input li
ne 17.


Class scrartcl Warning: incompatible usage of \@ssect detected.
(scrartcl)              You've used the KOMA-Script implementation of \@ssect
(scrartcl)              from within a non compatible caller, that does not
(scrartcl)              \scr@s@ct@@nn@m@ locally.
(scrartcl)              This could result in several error messages on input li
ne 21.


Class scrartcl Warning: incompatible usage of \@ssect detected.
(scrartcl)              You've used the KOMA-Script implementation of \@ssect
(scrartcl)              from within a non compatible caller, that does not
(scrartcl)              \scr@s@ct@@nn@m@ locally.
(scrartcl)              This could result in several error messages on input li
ne 24.


Class scrartcl Warning: incompatible usage of \@ssect detected.
(scrartcl)              You've used the KOMA-Script implementation of \@ssect
(scrartcl)              from within a non compatible caller, that does not
(scrartcl)              \scr@s@ct@@nn@m@ locally.
(scrartcl)              This could result in several error messages on input li
ne 28.


Class scrartcl Warning: incompatible usage of \@ssect detected.
(scrartcl)              You've used the KOMA-Script implementation of \@ssect
(scrartcl)              from within a non compatible caller, that does not
(scrartcl)              \scr@s@ct@@nn@m@ locally.
(scrartcl)              This could result in several error messages on input li
ne 32.


Class scrartcl Warning: incompatible usage of \@ssect detected.
(scrartcl)              You've used the KOMA-Script implementation of \@ssect
(scrartcl)              from within a non compatible caller, that does not
(scrartcl)              \scr@s@ct@@nn@m@ locally.
(scrartcl)              This could result in several error messages on input li
ne 36.

File: left.png Graphic file (type QTm)
<use  "left.png" > [1


]

Class scrartcl Warning: incompatible usage of \@ssect detected.
(scrartcl)              You've used the KOMA-Script implementation of \@ssect
(scrartcl)              from within a non compatible caller, that does not
(scrartcl)              \scr@s@ct@@nn@m@ locally.
(scrartcl)              This could result in several error messages on input li
ne 43.


Underfull \hbox (badness 1314) in paragraph at lines 44--51
[]\EU1/CelestiaAntiquaStd(0)/m/n/10 The remaining weapons are secondary, and at
tacks
 []


Overfull \hbox (6.62512pt too wide) in paragraph at lines 44--51
[]\EU1/CelestiaAntiquaStd(0)/m/n/10 Unless noted otherwise, creatures using nat
ural weapons
 []


Class scrartcl Warning: incompatible usage of \@ssect detected.
(scrartcl)              You've used the KOMA-Script implementation of \@ssect
(scrartcl)              from within a non compatible caller, that does not
(scrartcl)              \scr@s@ct@@nn@m@ locally.
(scrartcl)              This could result in several error messages on input li
ne 52.


Class scrartcl Warning: incompatible usage of \@ssect detected.
(scrartcl)              You've used the KOMA-Script implementation of \@ssect
(scrartcl)              from within a non compatible caller, that does not
(scrartcl)              \scr@s@ct@@nn@m@ locally.
(scrartcl)              This could result in several error messages on input li
ne 55.


Class scrartcl Warning: incompatible usage of \@ssect detected.
(scrartcl)              You've used the KOMA-Script implementation of \@ssect
(scrartcl)              from within a non compatible caller, that does not
(scrartcl)              \scr@s@ct@@nn@m@ locally.
(scrartcl)              This could result in several error messages on input li
ne 59.


Class scrartcl Warning: incompatible usage of \@ssect detected.
(scrartcl)              You've used the KOMA-Script implementation of \@ssect
(scrartcl)              from within a non compatible caller, that does not
(scrartcl)              \scr@s@ct@@nn@m@ locally.
(scrartcl)              This could result in several error messages on input li
ne 62.


Underfull \hbox (badness 3029) in paragraph at lines 63--68
[]\EU1/CelestiaAntiquaStd(0)/bx/n/10 Nonabilities: \EU1/CelestiaAntiquaStd(0)/m
/n/10 Some creatures lack certain ability
 []


Class scrartcl Warning: incompatible usage of \@ssect detected.
(scrartcl)              You've used the KOMA-Script implementation of \@ssect
(scrartcl)              from within a non compatible caller, that does not
(scrartcl)              \scr@s@ct@@nn@m@ locally.
(scrartcl)              This could result in several error messages on input li
ne 69.


Underfull \hbox (badness 1189) in paragraph at lines 70--73
\EU1/CelestiaAntiquaStd(0)/m/n/10 modifier (including adjustments for ability s
cores, ar-
 []

File: right.png Graphic file (type QTm)
<use  "right.png" > [2]

Class scrartcl Warning: incompatible usage of \@ssect detected.
(scrartcl)              You've used the KOMA-Script implementation of \@ssect
(scrartcl)              from within a non compatible caller, that does not
(scrartcl)              \scr@s@ct@@nn@m@ locally.
(scrartcl)              This could result in several error messages on input li
ne 74.

LaTeX Font Info:    External font `cmex10' loaded for size
(Font)              <7> on input line 76.
LaTeX Font Info:    External font `cmex10' loaded for size
(Font)              <5> on input line 76.

Class scrartcl Warning: incompatible usage of \@ssect detected.
(scrartcl)              You've used the KOMA-Script implementation of \@ssect
(scrartcl)              from within a non compatible caller, that does not
(scrartcl)              \scr@s@ct@@nn@m@ locally.
(scrartcl)              This could result in several error messages on input li
ne 78.


Class scrartcl Warning: incompatible usage of \@ssect detected.
(scrartcl)              You've used the KOMA-Script implementation of \@ssect
(scrartcl)              from within a non compatible caller, that does not
(scrartcl)              \scr@s@ct@@nn@m@ locally.
(scrartcl)              This could result in several error messages on input li
ne 81.


Underfull \hbox (badness 1275) in paragraph at lines 82--84
\EU1/CelestiaAntiquaStd(0)/m/n/10 many combat-ready adults are in each type of 
group.
 []


Class scrartcl Warning: incompatible usage of \@ssect detected.
(scrartcl)              You've used the KOMA-Script implementation of \@ssect
(scrartcl)              from within a non compatible caller, that does not
(scrartcl)              \scr@s@ct@@nn@m@ locally.
(scrartcl)              This could result in several error messages on input li
ne 85.


Class scrartcl Warning: incompatible usage of \@ssect detected.
(scrartcl)              You've used the KOMA-Script implementation of \@ssect
(scrartcl)              from within a non compatible caller, that does not
(scrartcl)              \scr@s@ct@@nn@m@ locally.
(scrartcl)              This could result in several error messages on input li
ne 88.


Class scrartcl Warning: incompatible usage of \@ssect detected.
(scrartcl)              You've used the KOMA-Script implementation of \@ssect
(scrartcl)              from within a non compatible caller, that does not
(scrartcl)              \scr@s@ct@@nn@m@ locally.
(scrartcl)              This could result in several error messages on input li
ne 91.


Class scrartcl Warning: incompatible usage of \@ssect detected.
(scrartcl)              You've used the KOMA-Script implementation of \@ssect
(scrartcl)              from within a non compatible caller, that does not
(scrartcl)              \scr@s@ct@@nn@m@ locally.
(scrartcl)              This could result in several error messages on input li
ne 94.


Class scrartcl Warning: incompatible usage of \@ssect detected.
(scrartcl)              You've used the KOMA-Script implementation of \@ssect
(scrartcl)              from within a non compatible caller, that does not
(scrartcl)              \scr@s@ct@@nn@m@ locally.
(scrartcl)              This could result in several error messages on input li
ne 97.


Class scrartcl Warning: incompatible usage of \@ssect detected.
(scrartcl)              You've used the KOMA-Script implementation of \@ssect
(scrartcl)              from within a non compatible caller, that does not
(scrartcl)              \scr@s@ct@@nn@m@ locally.
(scrartcl)              This could result in several error messages on input li
ne 100.

)

Class scrartcl Warning: incompatible usage of \@ssect detected.
(scrartcl)              You've used the KOMA-Script implementation of \@ssect
(scrartcl)              from within a non compatible caller, that does not
(scrartcl)              \scr@s@ct@@nn@m@ locally.
(scrartcl)              This could result in several error messages on input li
ne 156.

File: left.png Graphic file (type QTm)
<use  "left.png" > [3]

Class scrartcl Warning: incompatible usage of \@ssect detected.
(scrartcl)              You've used the KOMA-Script implementation of \@ssect
(scrartcl)              from within a non compatible caller, that does not
(scrartcl)              \scr@s@ct@@nn@m@ locally.
(scrartcl)              This could result in several error messages on input li
ne 159.


Class scrartcl Warning: incompatible usage of \@ssect detected.
(scrartcl)              You've used the KOMA-Script implementation of \@ssect
(scrartcl)              from within a non compatible caller, that does not
(scrartcl)              \scr@s@ct@@nn@m@ locally.
(scrartcl)              This could result in several error messages on input li
ne 160.

(./sections/aboleth.tex

Class scrartcl Warning: incompatible usage of \@ssect detected.
(scrartcl)              You've used the KOMA-Script implementation of \@ssect
(scrartcl)              from within a non compatible caller, that does not
(scrartcl)              \scr@s@ct@@nn@m@ locally.
(scrartcl)              This could result in several error messages on input li
ne 13.


Class scrartcl Warning: incompatible usage of \@ssect detected.
(scrartcl)              You've used the KOMA-Script implementation of \@ssect
(scrartcl)              from within a non compatible caller, that does not
(scrartcl)              \scr@s@ct@@nn@m@ locally.
(scrartcl)              This could result in several error messages on input li
ne 22.


Class scrartcl Warning: incompatible usage of \@ssect detected.
(scrartcl)              You've used the KOMA-Script implementation of \@ssect
(scrartcl)              from within a non compatible caller, that does not
(scrartcl)              \scr@s@ct@@nn@m@ locally.
(scrartcl)              This could result in several error messages on input li
ne 25.

File: right.png Graphic file (type QTm)
<use  "right.png" > [4]

LaTeX Warning: No positions in optional float specifier.
               Default added (so using `tbp') on input line 37.


Underfull \hbox (badness 1117) in paragraph at lines 56--57
[]|\EU1/CelestiaAntiquaStd(0)/m/n/10 Aquatic subtype, darkvision 60 ft., mucus 
cloud,
 []


Underfull \hbox (badness 3769) in paragraph at lines 61--62
\EU1/CelestiaAntiquaStd(0)/m/n/10 Diplomacy +6, Disguise +2 (+4 acting), Intimi
-
 []


Underfull \hbox (badness 5970) in paragraph at lines 65--65
[]|\EU1/CelestiaAntiquaStd(0)/m/n/10 Solitary, brood (2-4), or slaver brood
 []


Overfull \hbox (265.49112pt too wide) in paragraph at lines 39--75
 [][] 
 []

File: images/Aboleth.jpg Graphic file (type QTm)
<use  "images/Aboleth.jpg" >
Overfull \hbox (10.0pt too wide) in paragraph at lines 77--78
[][] 
 []

)
File: left.png Graphic file (type QTm)
 <use  "left.png" > [5

]

Class scrartcl Warning: incompatible usage of \@ssect detected.
(scrartcl)              You've used the KOMA-Script implementation of \@ssect
(scrartcl)              from within a non compatible caller, that does not
(scrartcl)              \scr@s@ct@@nn@m@ locally.
(scrartcl)              This could result in several error messages on input li
ne 163.

(./sections/achaierai.tex
Underfull \hbox (badness 10000) in paragraph at lines 38--38
[]|\EU1/CelestiaAntiquaStd(0)/bx/n/10 Large Outsider(Evil, Extraplanar,
 []


Underfull \hbox (badness 1824) in paragraph at lines 38--38
[]|\EU1/CelestiaAntiquaStd(0)/m/n/10 2 claws +9 melee (2d6+4) and bite +4
 []


Underfull \hbox (badness 1622) in paragraph at lines 38--38
\EU1/CelestiaAntiquaStd(0)/m/n/10 Hide +6, Jump +21, Listen +11, Move
 []


Underfull \hbox (badness 10000) in paragraph at lines 40--41

 []


Class scrartcl Warning: incompatible usage of \@ssect detected.
(scrartcl)              You've used the KOMA-Script implementation of \@ssect
(scrartcl)              from within a non compatible caller, that does not
(scrartcl)              \scr@s@ct@@nn@m@ locally.
(scrartcl)              This could result in several error messages on input li
ne 43.


Underfull \hbox (badness 1360) in paragraph at lines 44--48
[]\EU1/CelestiaAntiquaStd(0)/bx/n/10 Black Cloud (Ex): \EU1/CelestiaAntiquaStd(
0)/m/n/10 Up to three times per day an
 []

File: images/Achaierai.jpg Graphic file (type QTm)
<use  "images/Achaierai.jpg" >
Overfull \hbox (10.0pt too wide) in paragraph at lines 49--50
[][] 
 []

)
Underfull \vbox (badness 10000) has occurred while \output is active []



Class scrartcl Warning: incompatible usage of \@ssect detected.
(scrartcl)              You've used the KOMA-Script implementation of \@ssect
(scrartcl)              from within a non compatible caller, that does not
(scrartcl)              \scr@s@ct@@nn@m@ locally.
(scrartcl)              This could result in several error messages on input li
ne 165.

File: right.png Graphic file (type QTm)
<use  "right.png" > [6

]

Class scrartcl Warning: incompatible usage of \@ssect detected.
(scrartcl)              You've used the KOMA-Script implementation of \@ssect
(scrartcl)              from within a non compatible caller, that does not
(scrartcl)              \scr@s@ct@@nn@m@ locally.
(scrartcl)              This could result in several error messages on input li
ne 167.

(./sections/allip.tex
Underfull \hbox (badness 1558) in paragraph at lines 36--36
\EU1/CelestiaAntiquaStd(0)/m/n/10 +4, Spot +7, Survival +0 (+2 following
 []


Class scrartcl Warning: incompatible usage of \@ssect detected.
(scrartcl)              You've used the KOMA-Script implementation of \@ssect
(scrartcl)              from within a non compatible caller, that does not
(scrartcl)              \scr@s@ct@@nn@m@ locally.
(scrartcl)              This could result in several error messages on input li
ne 44.


Underfull \hbox (badness 2600) in paragraph at lines 45--49
[]\EU1/CelestiaAntiquaStd(0)/bx/n/10 Madness (Su): \EU1/CelestiaAntiquaStd(0)/m
/n/10 Anyone targeting an allip with a
 []


Underfull \hbox (badness 1205) in paragraph at lines 45--49
\EU1/CelestiaAntiquaStd(0)/m/n/10 thought detection, mind control, or telepathi
c ability
 []

File: images/allip.jpg Graphic file (type QTm)
<use  "images/allip.jpg" >
Overfull \hbox (10.0pt too wide) in paragraph at lines 50--51
[][] 
 []

)

Class scrartcl Warning: incompatible usage of \@ssect detected.
(scrartcl)              You've used the KOMA-Script implementation of \@ssect
(scrartcl)              from within a non compatible caller, that does not
(scrartcl)              \scr@s@ct@@nn@m@ locally.
(scrartcl)              This could result in several error messages on input li
ne 169.

File: left.png Graphic file (type QTm)
<use  "left.png" > [7

]

Class scrartcl Warning: incompatible usage of \@ssect detected.
(scrartcl)              You've used the KOMA-Script implementation of \@ssect
(scrartcl)              from within a non compatible caller, that does not
(scrartcl)              \scr@s@ct@@nn@m@ locally.
(scrartcl)              This could result in several error messages on input li
ne 171.


Class scrartcl Warning: incompatible usage of \@ssect detected.
(scrartcl)              You've used the KOMA-Script implementation of \@ssect
(scrartcl)              from within a non compatible caller, that does not
(scrartcl)              \scr@s@ct@@nn@m@ locally.
(scrartcl)              This could result in several error messages on input li
ne 172.

(./sections/angel.tex
File: images/Angel.jpg Graphic file (type QTm)
 <use  "images/Angel.jpg" >
Underfull \hbox (badness 10000) in paragraph at lines 4--9

 []


Class scrartcl Warning: incompatible usage of \@ssect detected.
(scrartcl)              You've used the KOMA-Script implementation of \@ssect
(scrartcl)              from within a non compatible caller, that does not
(scrartcl)              \scr@s@ct@@nn@m@ locally.
(scrartcl)              This could result in several error messages on input li
ne 9.


Underfull \hbox (badness 10000) in paragraph at lines 10--18

 []

File: right.png Graphic file (type QTm)
<use  "right.png" > [8

]

Class scrartcl Warning: incompatible usage of \@ssect detected.
(scrartcl)              You've used the KOMA-Script implementation of \@ssect
(scrartcl)              from within a non compatible caller, that does not
(scrartcl)              \scr@s@ct@@nn@m@ locally.
(scrartcl)              This could result in several error messages on input li
ne 20.


Underfull \hbox (badness 3009) in paragraph at lines 48--48
[]|\EU1/CelestiaAntiquaStd(0)/bx/n/10 Medium Outsider (Angel, Extrapla-
 []


Underfull \hbox (badness 1803) in paragraph at lines 48--48
\EU1/CelestiaAntiquaStd(0)/m/n/10 (1d8+12 plus stun) or slam +18 melee
 []


Underfull \hbox (badness 1803) in paragraph at lines 48--48
\EU1/CelestiaAntiquaStd(0)/m/n/10 melee (1d8+12 plus stun) or slam +18
 []


Underfull \hbox (badness 1558) in paragraph at lines 48--48
\EU1/CelestiaAntiquaStd(0)/m/n/10 ft., low-light vision, immunity to acid,
 []


Underfull \hbox (badness 1178) in paragraph at lines 48--48
[]|\EU1/CelestiaAntiquaStd(0)/m/n/10 Alertness, Cleave, Great Fortitude, Im-
 []


Class scrartcl Warning: incompatible usage of \@ssect detected.
(scrartcl)              You've used the KOMA-Script implementation of \@ssect
(scrartcl)              from within a non compatible caller, that does not
(scrartcl)              \scr@s@ct@@nn@m@ locally.
(scrartcl)              This could result in several error messages on input li
ne 56.


Underfull \hbox (badness 10000) in paragraph at lines 57--62

 []

File: left.png Graphic file (type QTm)
<use  "left.png" > [9

]

Class scrartcl Warning: incompatible usage of \@ssect detected.
(scrartcl)              You've used the KOMA-Script implementation of \@ssect
(scrartcl)              from within a non compatible caller, that does not
(scrartcl)              \scr@s@ct@@nn@m@ locally.
(scrartcl)              This could result in several error messages on input li
ne 64.


Underfull \hbox (badness 2334) in paragraph at lines 92--92
[]|\EU1/CelestiaAntiquaStd(0)/bx/n/10 Large Outsider (Angel, Extraplanar,
 []


Underfull \hbox (badness 10000) in paragraph at lines 92--92
[]|\EU1/CelestiaAntiquaStd(0)/m/n/10 +3 greatsword +23/+18/+13 melee
 []


Underfull \hbox (badness 10000) in paragraph at lines 92--92
\EU1/CelestiaAntiquaStd(0)/m/n/10 (3d6+13/19?20) or slam +20 melee
 []


Underfull \hbox (badness 1558) in paragraph at lines 92--92
\EU1/CelestiaAntiquaStd(0)/m/n/10 ft., low-light vision, immunity to acid,
 []


Underfull \hbox (badness 10000) in paragraph at lines 95--96

 []


Underfull \hbox (badness 10000) in paragraph at lines 97--98

 []


Class scrartcl Warning: incompatible usage of \@ssect detected.
(scrartcl)              You've used the KOMA-Script implementation of \@ssect
(scrartcl)              from within a non compatible caller, that does not
(scrartcl)              \scr@s@ct@@nn@m@ locally.
(scrartcl)              This could result in several error messages on input li
ne 99.


Underfull \hbox (badness 1014) in paragraph at lines 100--108
[]\EU1/CelestiaAntiquaStd(0)/bx/n/10 Spell-Like Abilities: \EU1/CelestiaAntiqua
Std(0)/m/n/10 At will\EU1/CelestiaAntiquaStd(0)/m/it/10 continual flame\EU1/Ce
lestiaAntiquaStd(0)/m/n/10 , \EU1/CelestiaAntiquaStd(0)/m/it/10 dispel
 []


Underfull \hbox (badness 1325) in paragraph at lines 100--108
\EU1/CelestiaAntiquaStd(0)/m/it/10 magic\EU1/CelestiaAntiquaStd(0)/m/n/10 , \EU
1/CelestiaAntiquaStd(0)/m/it/10 holy smite \EU1/CelestiaAntiquaStd(0)/m/n/10 (D
C 20), \EU1/CelestiaAntiquaStd(0)/m/it/10 invisibility \EU1/CelestiaAntiquaStd(
0)/m/n/10 (self only), \EU1/CelestiaAntiquaStd(0)/m/it/10 lesser
 []

File: right.png Graphic file (type QTm)
<use  "right.png" > [10

]

Class scrartcl Warning: incompatible usage of \@ssect detected.
(scrartcl)              You've used the KOMA-Script implementation of \@ssect
(scrartcl)              from within a non compatible caller, that does not
(scrartcl)              \scr@s@ct@@nn@m@ locally.
(scrartcl)              This could result in several error messages on input li
ne 110.


Underfull \hbox (badness 2334) in paragraph at lines 137--137
[]|\EU1/CelestiaAntiquaStd(0)/bx/n/10 Large Outsider (Angel, Extraplanar,
 []


Underfull \hbox (badness 10000) in paragraph at lines 137--137
[]|\EU1/CelestiaAntiquaStd(0)/m/n/10 +5 dancing greatsword +35 melee
 []


Underfull \hbox (badness 1430) in paragraph at lines 137--137
\EU1/CelestiaAntiquaStd(0)/m/n/10 melee (3d6+18/19?20) or +2 composite
 []


Underfull \hbox (badness 1642) in paragraph at lines 137--137
\EU1/CelestiaAntiquaStd(0)/m/n/10 (any five) +33, Diplomacy +34, Escape
 []


Underfull \hbox (badness 4084) in paragraph at lines 137--137
\EU1/CelestiaAntiquaStd(0)/m/n/10 Initiative, Improved Sunder, Mobility,
 []


Underfull \hbox (badness 10000) in paragraph at lines 140--141

 []


Class scrartcl Warning: incompatible usage of \@ssect detected.
(scrartcl)              You've used the KOMA-Script implementation of \@ssect
(scrartcl)              from within a non compatible caller, that does not
(scrartcl)              \scr@s@ct@@nn@m@ locally.
(scrartcl)              This could result in several error messages on input li
ne 145.


Underfull \hbox (badness 3838) in paragraph at lines 146--155
[]\EU1/CelestiaAntiquaStd(0)/m/n/10 Even more fearsome than their /textit+5 dan
cing
 []


Underfull \hbox (badness 1454) in paragraph at lines 146--155
\EU1/CelestiaAntiquaStd(0)/m/it/10 mune\EU1/CelestiaAntiquaStd(0)/m/n/10 , \EU1
/CelestiaAntiquaStd(0)/m/it/10 continual flame\EU1/CelestiaAntiquaStd(0)/m/n/10
 , \EU1/CelestiaAntiquaStd(0)/m/it/10 dimensional anchor\EU1/CelestiaAntiquaStd
(0)/m/n/10 , \EU1/CelestiaAntiquaStd(0)/m/it/10 greater dispel
 []

)
File: left.png Graphic file (type QTm)
 <use  "left.png" > [11

]

Class scrartcl Warning: incompatible usage of \@ssect detected.
(scrartcl)              You've used the KOMA-Script implementation of \@ssect
(scrartcl)              from within a non compatible caller, that does not
(scrartcl)              \scr@s@ct@@nn@m@ locally.
(scrartcl)              This could result in several error messages on input li
ne 175.


Class scrartcl Warning: incompatible usage of \@ssect detected.
(scrartcl)              You've used the KOMA-Script implementation of \@ssect
(scrartcl)              from within a non compatible caller, that does not
(scrartcl)              \scr@s@ct@@nn@m@ locally.
(scrartcl)              This could result in several error messages on input li
ne 176.

(./sections/animated-object.tex
File: images/"Animated_Object".jpg Graphic file (type QTm)
 <use  "images/"Animated_Object".jpg" >
Underfull \hbox (badness 1983) in paragraph at lines 4--6
\EU1/CelestiaAntiquaStd(0)/m/n/10 Animated objects come in all sizes, shapes, a
nd col-
 []


Underfull \hbox (badness 1803) in paragraph at lines 4--6
\EU1/CelestiaAntiquaStd(0)/m/n/10 ors. They owe their existence as creatures to
 spells
 []


Underfull \hbox (badness 10000) in paragraph at lines 4--6

 []


Class scrartcl Warning: incompatible usage of \@ssect detected.
(scrartcl)              You've used the KOMA-Script implementation of \@ssect
(scrartcl)              from within a non compatible caller, that does not
(scrartcl)              \scr@s@ct@@nn@m@ locally.
(scrartcl)              This could result in several error messages on input li
ne 6.


Underfull \hbox (badness 10000) in paragraph at lines 7--18

 []

File: right.png Graphic file (type QTm)
<use  "right.png" > [12

]

LaTeX Warning: No positions in optional float specifier.
               Default added (so using `tbp') on input line 22.


Underfull \hbox (badness 10000) in paragraph at lines 25--25
[]|\EU1/CelestiaAntiquaStd(0)/bx/n/10 Animated Object,
 []


Underfull \hbox (badness 10000) in paragraph at lines 25--25
[]|\EU1/CelestiaAntiquaStd(0)/bx/n/10 Animated Object,
 []


Underfull \hbox (badness 10000) in paragraph at lines 25--26
[]|\EU1/CelestiaAntiquaStd(0)/bx/n/10 Animated Object,
 []


Underfull \hbox (badness 3281) in paragraph at lines 31--31
[]|\EU1/CelestiaAntiquaStd(0)/m/n/10 14 (+2 size, +2 Dex),
 []


Underfull \hbox (badness 1067) in paragraph at lines 40--40
[]|\EU1/CelestiaAntiquaStd(0)/m/n/10 Construct traits, dark-
 []


Underfull \hbox (badness 1067) in paragraph at lines 40--40
[]|\EU1/CelestiaAntiquaStd(0)/m/n/10 Construct traits, dark-
 []


Underfull \hbox (badness 1067) in paragraph at lines 40--41
[]|\EU1/CelestiaAntiquaStd(0)/m/n/10 Construct traits, dark-
 []


Overfull \hbox (187.49112pt too wide) in paragraph at lines 24--59
 [][] 
 []

)
File: left.png Graphic file (type QTm)
 <use  "left.png" > [13


]
(/Users/erijvers/Desktop/XeLaTeX/D20/3.5/MM-I/.latex/main.aux)

LaTeX Font Warning: Some font shapes were not available, defaults substituted.

 ) 
Here is how much of TeX's memory you used:
 17803 strings out of 493706
 355015 string characters out of 6145769
 558192 words of memory out of 5000000
 20972 multiletter control sequences out of 15000+600000
 3954 words of font info for 41 fonts, out of 8000000 for 9000
 1328 hyphenation exceptions out of 8191
 58i,12n,61p,10407b,332s stack positions out of 5000i,500n,10000p,200000b,80000s

Output written on /Users/erijvers/Desktop/XeLaTeX/D20/3.5/MM-I/.latex/main.pdf 
(13 pages).
